Commencing startup sequence
|   Initialising AI package... Done
|   Opening database connection... Done
|   Initialising session... Done
|   Initialising webhook... Done
|   Initialising commands package
    |   Adding slash commands... Done
    |   Adding component commands... Done
Start successful, beginning log
---------------------------------------------------
signal: interrupt
Commencing startup sequence
|   Initialising AI package... Done
|   Opening database connection... Done
|   Initialising session... Done
|   Initialising webhook... Done
|   Initialising commands package
    |   Adding slash commands... Done
    |   Adding component commands... Done
Start successful, beginning log
---------------------------------------------------
2025/02/16 17:39:48 Received Command: sleepstatus
2025/02/16 17:47:34 Found trigger: cack
2025/02/16 17:52:37 Received Command: pollvote0
2025/02/16 17:55:11 Found trigger: risk-of-rain
2025/02/16 17:56:54 Found trigger: illegal
2025/02/16 18:01:49 Received error: Post "http://localhost:1234/v1/chat/completions": dial tcp 127.0.0.1:1234: connect: connection refused
